c:\dev\fractalrenderer\build\cinderbox\cinder\cinder.dir\release\font.obj
c:\dev\fractalrenderer\build\cinderbox\cinder\cinder.dir\release\filewatcher.obj
c:\dev\fractalrenderer\build\cinderbox\cinder\cinder.dir\release\filesystem.obj
c:\dev\fractalrenderer\build\cinderbox\cinder\cinder.dir\release\exception.obj
c:\dev\fractalrenderer\build\cinderbox\cinder\cinder.dir\release\display.obj
c:\dev\fractalrenderer\build\cinderbox\cinder\cinder.dir\release\datatarget.obj
c:\dev\fractalrenderer\build\cinderbox\cinder\cinder.dir\release\datasource.obj
c:\dev\fractalrenderer\build\cinderbox\cinder\cinder.dir\release\color.obj
c:\dev\fractalrenderer\build\cinderbox\cinder\cinder.dir\release\clipboard.obj
c:\dev\fractalrenderer\build\cinderbox\cinder\cinder.dir\release\cindermath.obj
c:\dev\fractalrenderer\build\cinderbox\cinder\cinder.dir\release\cinderassert.obj
c:\dev\fractalrenderer\build\cinderbox\cinder\cinder.dir\release\channel.obj
c:\dev\fractalrenderer\build\cinderbox\cinder\cinder.dir\release\cameraui.obj
c:\dev\fractalrenderer\build\cinderbox\cinder\cinder.dir\release\camera.obj
c:\dev\fractalrenderer\build\cinderbox\cinder\cinder.dir\release\buffer.obj
c:\dev\fractalrenderer\build\cinderbox\cinder\cinder.dir\release\bsplinefit.obj
c:\dev\fractalrenderer\build\cinderbox\cinder\cinder.dir\release\bspline.obj
c:\dev\fractalrenderer\build\cinderbox\cinder\cinder.dir\release\base64.obj
c:\dev\fractalrenderer\build\cinderbox\cinder\cinder.dir\release\bandedmatrix.obj
c:\dev\fractalrenderer\build\cinderbox\cinder\cinder.dir\release\area.obj
c:\dev\fractalrenderer\build\cinderbox\cinder\cinder.dir\release\shape2d.obj
c:\dev\fractalrenderer\build\cinderbox\cinder\cinder.dir\release\rect.obj
c:\dev\fractalrenderer\build\cinderbox\cinder\cinder.dir\release\ray.obj
c:\dev\fractalrenderer\build\cinderbox\cinder\cinder.dir\release\rand.obj
c:\dev\fractalrenderer\build\cinderbox\cinder\cinder.dir\release\polyline.obj
c:\dev\fractalrenderer\build\cinderbox\cinder\cinder.dir\release\plane.obj
c:\dev\fractalrenderer\build\cinderbox\cinder\cinder.dir\release\perlin.obj
c:\dev\fractalrenderer\build\cinderbox\cinder\cinder.dir\release\path2d.obj
c:\dev\fractalrenderer\build\cinderbox\cinder\cinder.dir\release\objloader.obj
c:\dev\fractalrenderer\build\cinderbox\cinder\cinder.dir\release\mediatime.obj
c:\dev\fractalrenderer\build\cinderbox\cinder\cinder.dir\release\matrix.obj
c:\dev\fractalrenderer\build\cinderbox\cinder\cinder.dir\release\log.obj
c:\dev\fractalrenderer\build\cinderbox\cinder\cinder.dir\release\json.obj
c:\dev\fractalrenderer\build\cinderbox\cinder\cinder.dir\release\imagetargetfilestbimage.obj
c:\dev\fractalrenderer\build\cinderbox\cinder\cinder.dir\release\imagesourcefilestbimage.obj
c:\dev\fractalrenderer\build\cinderbox\cinder\cinder.dir\release\imagesourcefileradiance.obj
c:\dev\fractalrenderer\build\cinderbox\cinder\cinder.dir\release\imageio.obj
c:\dev\fractalrenderer\build\cinderbox\cinder\cinder.dir\release\imagefiletinyexr.obj
c:\dev\fractalrenderer\build\cinderbox\cinder\cinder.dir\release\geomio.obj
c:\dev\fractalrenderer\build\cinderbox\cinder\cinder.dir\release\frustum.obj
c:\dev\fractalrenderer\build\cinderbox\cinder\cinder.dir\release\platform.obj
c:\dev\fractalrenderer\build\cinderbox\cinder\cinder.dir\release\keyevent.obj
c:\dev\fractalrenderer\build\cinderbox\cinder\cinder.dir\release\appbase.obj
c:\dev\fractalrenderer\build\cinderbox\cinder\cinder.dir\release\serial.obj
c:\dev\fractalrenderer\build\cinderbox\cinder\cinder.dir\release\capture.obj
c:\dev\fractalrenderer\build\cinderbox\cinder\cinder.dir\release\xml.obj
c:\dev\fractalrenderer\build\cinderbox\cinder\cinder.dir\release\url.obj
c:\dev\fractalrenderer\build\cinderbox\cinder\cinder.dir\release\unicode.obj
c:\dev\fractalrenderer\build\cinderbox\cinder\cinder.dir\release\tween.obj
c:\dev\fractalrenderer\build\cinderbox\cinder\cinder.dir\release\trimesh.obj
c:\dev\fractalrenderer\build\cinderbox\cinder\cinder.dir\release\triangulate.obj
c:\dev\fractalrenderer\build\cinderbox\cinder\cinder.dir\release\timer.obj
c:\dev\fractalrenderer\build\cinderbox\cinder\cinder.dir\release\timelineitem.obj
c:\dev\fractalrenderer\build\cinderbox\cinder\cinder.dir\release\timeline.obj
c:\dev\fractalrenderer\build\cinderbox\cinder\cinder.dir\release\text.obj
c:\dev\fractalrenderer\build\cinderbox\cinder\cinder.dir\release\system.obj
c:\dev\fractalrenderer\build\cinderbox\cinder\cinder.dir\release\surface.obj
c:\dev\fractalrenderer\build\cinderbox\cinder\cinder.dir\release\stream.obj
c:\dev\fractalrenderer\build\cinderbox\cinder\cinder.dir\release\sphere.obj
c:\dev\fractalrenderer\build\cinderbox\cinder\cinder.dir\release\signals.obj
c:\dev\fractalrenderer\build\cinderbox\cinder\cinder.dir\release\voice.obj
c:\dev\fractalrenderer\build\cinderbox\cinder\cinder.dir\release\target.obj
c:\dev\fractalrenderer\build\cinderbox\cinder\cinder.dir\release\source.obj
c:\dev\fractalrenderer\build\cinderbox\cinder\cinder.dir\release\samplerecordernode.obj
c:\dev\fractalrenderer\build\cinderbox\cinder\cinder.dir\release\sampleplayernode.obj
c:\dev\fractalrenderer\build\cinderbox\cinder\cinder.dir\release\param.obj
c:\dev\fractalrenderer\build\cinderbox\cinder\cinder.dir\release\pannode.obj
c:\dev\fractalrenderer\build\cinderbox\cinder\cinder.dir\release\outputnode.obj
c:\dev\fractalrenderer\build\cinderbox\cinder\cinder.dir\release\monitornode.obj
c:\dev\fractalrenderer\build\cinderbox\cinder\cinder.dir\release\nodemath.obj
c:\dev\fractalrenderer\build\cinderbox\cinder\cinder.dir\release\node.obj
c:\dev\fractalrenderer\build\cinderbox\cinder\cinder.dir\release\inputnode.obj
c:\dev\fractalrenderer\build\cinderbox\cinder\cinder.dir\release\gennode.obj
c:\dev\fractalrenderer\build\cinderbox\cinder\cinder.dir\release\filternode.obj
c:\dev\fractalrenderer\build\cinderbox\cinder\cinder.dir\release\fileoggvorbis.obj
c:\dev\fractalrenderer\build\cinderbox\cinder\cinder.dir\release\device.obj
c:\dev\fractalrenderer\build\cinderbox\cinder\cinder.dir\release\delaynode.obj
c:\dev\fractalrenderer\build\cinderbox\cinder\cinder.dir\release\channelrouternode.obj
c:\dev\fractalrenderer\build\cinderbox\cinder\cinder.dir\release\renderergl.obj
c:\dev\fractalrenderer\build\cinderbox\cinder\cinder.dir\release\renderer.obj
c:\dev\fractalrenderer\build\cinderbox\cinder\cinder.dir\release\shader.obj
c:\dev\fractalrenderer\build\cinderbox\cinder\cinder.dir\release\sampler.obj
c:\dev\fractalrenderer\build\cinderbox\cinder\cinder.dir\release\scoped.obj
c:\dev\fractalrenderer\build\cinderbox\cinder\cinder.dir\release\query.obj
c:\dev\fractalrenderer\build\cinderbox\cinder\cinder.dir\release\pbo.obj
c:\dev\fractalrenderer\build\cinderbox\cinder\cinder.dir\release\glslprog.obj
c:\dev\fractalrenderer\build\cinderbox\cinder\cinder.dir\release\fbo.obj
c:\dev\fractalrenderer\build\cinderbox\cinder\cinder.dir\release\environmentes.obj
c:\dev\fractalrenderer\build\cinderbox\cinder\cinder.dir\release\environmentcore.obj
c:\dev\fractalrenderer\build\cinderbox\cinder\cinder.dir\release\environment.obj
c:\dev\fractalrenderer\build\cinderbox\cinder\cinder.dir\release\draw.obj
c:\dev\fractalrenderer\build\cinderbox\cinder\cinder.dir\release\constantconversions.obj
c:\dev\fractalrenderer\build\cinderbox\cinder\cinder.dir\release\buffertexture.obj
c:\dev\fractalrenderer\build\cinderbox\cinder\cinder.dir\release\bufferobj.obj
c:\dev\fractalrenderer\build\cinderbox\cinder\cinder.dir\release\batch.obj
c:\dev\fractalrenderer\build\cinderbox\cinder\cinder.dir\release\fft.obj
c:\dev\fractalrenderer\build\cinderbox\cinder\cinder.dir\release\dsp.obj
c:\dev\fractalrenderer\build\cinderbox\cinder\cinder.dir\release\converter.obj
c:\dev\fractalrenderer\build\cinderbox\cinder\cinder.dir\release\biquad.obj
c:\dev\fractalrenderer\build\cinderbox\cinder\cinder.dir\release\wavetable.obj
c:\dev\fractalrenderer\build\cinderbox\cinder\cinder.dir\release\grayscale.obj
c:\dev\fractalrenderer\build\cinderbox\cinder\cinder.dir\release\fill.obj
c:\dev\fractalrenderer\build\cinderbox\cinder\cinder.dir\release\checkerboard.obj
c:\dev\fractalrenderer\build\cinderbox\cinder\cinder.dir\release\blur.obj
c:\dev\fractalrenderer\build\cinderbox\cinder\cinder.dir\release\blend.obj
c:\dev\fractalrenderer\build\cinderbox\cinder\cinder.dir\release\multicast.obj
c:\dev\fractalrenderer\build\cinderbox\cinder\cinder.dir\release\wrapper.obj
c:\dev\fractalrenderer\build\cinderbox\cinder\cinder.dir\release\vbomesh.obj
c:\dev\fractalrenderer\build\cinderbox\cinder\cinder.dir\release\vbo.obj
c:\dev\fractalrenderer\build\cinderbox\cinder\cinder.dir\release\vaoimplsoftware.obj
c:\dev\fractalrenderer\build\cinderbox\cinder\cinder.dir\release\vaoimples.obj
c:\dev\fractalrenderer\build\cinderbox\cinder\cinder.dir\release\vaoimplcore.obj
c:\dev\fractalrenderer\build\cinderbox\cinder\cinder.dir\release\vao.obj
c:\dev\fractalrenderer\build\cinderbox\cinder\cinder.dir\release\ubo.obj
c:\dev\fractalrenderer\build\cinderbox\cinder\cinder.dir\release\transformfeedbackobj.obj
c:\dev\fractalrenderer\build\cinderbox\cinder\cinder.dir\release\textureformatparsers.obj
c:\dev\fractalrenderer\build\cinderbox\cinder\cinder.dir\release\texturefont.obj
c:\dev\fractalrenderer\build\cinderbox\cinder\cinder.dir\release\texture.obj
c:\dev\fractalrenderer\build\cinderbox\cinder\cinder.dir\release\sync.obj
c:\dev\fractalrenderer\build\cinderbox\cinder\cinder.dir\release\shaderpreprocessor.obj
c:\dev\fractalrenderer\build\cinderbox\cinder\cinder.dir\release\twprecomp.obj
c:\dev\fractalrenderer\build\cinderbox\cinder\cinder.dir\release\twopenglcore.obj
c:\dev\fractalrenderer\build\cinderbox\cinder\cinder.dir\release\twopengl.obj
c:\dev\fractalrenderer\build\cinderbox\cinder\cinder.dir\release\twmgr.obj
c:\dev\fractalrenderer\build\cinderbox\cinder\cinder.dir\release\twbar.obj
c:\dev\fractalrenderer\build\cinderbox\cinder\cinder.dir\release\loadoglcore.obj
c:\dev\fractalrenderer\build\cinderbox\cinder\cinder.dir\release\loadogl.obj
c:\dev\fractalrenderer\build\cinderbox\cinder\cinder.dir\release\twfonts.obj
c:\dev\fractalrenderer\build\cinderbox\cinder\cinder.dir\release\twcolors.obj
c:\dev\fractalrenderer\build\cinderbox\cinder\cinder.dir\release\params.obj
c:\dev\fractalrenderer\build\cinderbox\cinder\cinder.dir\release\jsoncpp.obj
c:\dev\fractalrenderer\build\cinderbox\cinder\cinder.dir\release\tinyexr.obj
c:\dev\fractalrenderer\build\cinderbox\cinder\cinder.dir\release\svg.obj
c:\dev\fractalrenderer\build\cinderbox\cinder\cinder.dir\release\trim.obj
c:\dev\fractalrenderer\build\cinderbox\cinder\cinder.dir\release\resize.obj
c:\dev\fractalrenderer\build\cinderbox\cinder\cinder.dir\release\hdr.obj
c:\dev\fractalrenderer\build\cinderbox\cinder\cinder.dir\release\flip.obj
c:\dev\fractalrenderer\build\cinderbox\cinder\cinder.dir\release\edgedetect.obj
c:\dev\fractalrenderer\build\cinderbox\cinder\cinder.dir\release\threshold.obj
c:\dev\fractalrenderer\build\cinderbox\cinder\cinder.dir\release\premultiply.obj
c:\dev\fractalrenderer\build\cinderbox\cinder\cinder.dir\release\appscreensaver.obj
c:\dev\fractalrenderer\build\cinderbox\cinder\cinder.dir\release\twdirect3d11.obj
c:\dev\fractalrenderer\build\cinderbox\cinder\cinder.dir\release\urlimplwininet.obj
c:\dev\fractalrenderer\build\cinderbox\cinder\cinder.dir\release\imagetargetfilewic.obj
c:\dev\fractalrenderer\build\cinderbox\cinder\cinder.dir\release\imagesourcefilewic.obj
c:\dev\fractalrenderer\build\cinderbox\cinder\cinder.dir\release\stackwalker.obj
c:\dev\fractalrenderer\build\cinderbox\cinder\cinder.dir\release\cindermswgdiplus.obj
c:\dev\fractalrenderer\build\cinderbox\cinder\cinder.dir\release\cindermsw.obj
c:\dev\fractalrenderer\build\cinderbox\cinder\cinder.dir\release\videoinput.obj
c:\dev\fractalrenderer\build\cinderbox\cinder\cinder.dir\release\captureimpldirectshow.obj
c:\dev\fractalrenderer\build\cinderbox\cinder\cinder.dir\release\r8bbase.obj
c:\dev\fractalrenderer\build\cinderbox\cinder\cinder.dir\release\imgui_widgets.obj
c:\dev\fractalrenderer\build\cinderbox\cinder\cinder.dir\release\imgui_tables.obj
c:\dev\fractalrenderer\build\cinderbox\cinder\cinder.dir\release\imgui_stdlib.obj
c:\dev\fractalrenderer\build\cinderbox\cinder\cinder.dir\release\imgui_impl_opengl3.obj
c:\dev\fractalrenderer\build\cinderbox\cinder\cinder.dir\release\imgui_freetype.obj
c:\dev\fractalrenderer\build\cinderbox\cinder\cinder.dir\release\imgui_draw.obj
c:\dev\fractalrenderer\build\cinderbox\cinder\cinder.dir\release\imgui_demo.obj
c:\dev\fractalrenderer\build\cinderbox\cinder\cinder.dir\release\imgui.obj
c:\dev\fractalrenderer\build\cinderbox\cinder\cinder.dir\release\cinderimgui.obj
c:\dev\fractalrenderer\build\cinderbox\cinder\cinder.dir\release\converterr8brain.obj
c:\dev\fractalrenderer\build\cinderbox\cinder\cinder.dir\release\fftsg.obj
c:\dev\fractalrenderer\build\cinderbox\cinder\cinder.dir\release\mswutil.obj
c:\dev\fractalrenderer\build\cinderbox\cinder\cinder.dir\release\filemediafoundation.obj
c:\dev\fractalrenderer\build\cinderbox\cinder\cinder.dir\release\devicemanagerwasapi.obj
c:\dev\fractalrenderer\build\cinderbox\cinder\cinder.dir\release\contextwasapi.obj
c:\dev\fractalrenderer\build\cinderbox\cinder\cinder.dir\release\rendererimplglmsw.obj
c:\dev\fractalrenderer\build\cinderbox\cinder\cinder.dir\release\rendererimpl2dgdi.obj
c:\dev\fractalrenderer\build\cinderbox\cinder\cinder.dir\release\platformmsw.obj
c:\dev\fractalrenderer\build\cinderbox\cinder\cinder.dir\release\appmsw.obj
c:\dev\fractalrenderer\build\cinderbox\cinder\cinder.dir\release\appimplmswscreensaver.obj
c:\dev\fractalrenderer\build\cinderbox\cinder\cinder.dir\release\appimplmswbasic.obj
c:\dev\fractalrenderer\build\cinderbox\cinder\cinder.dir\release\appimplmsw.obj
c:\dev\fractalrenderer\build\cinderbox\cinder\cinder.dir\release\src\cinder\utilities.cpp.obj
c:\dev\fractalrenderer\build\cinderbox\cinder\cinder.dir\release\src\cinder\app\window.cpp.obj
c:\dev\fractalrenderer\build\cinderbox\cinder\cinder.dir\release\src\cinder\audio\context.cpp.obj
c:\dev\fractalrenderer\build\cinderbox\cinder\cinder.dir\release\src\cinder\audio\utilities.cpp.obj
c:\dev\fractalrenderer\build\cinderbox\cinder\cinder.dir\release\src\cinder\gl\context.cpp.obj
c:\dev\fractalrenderer\build\cinderbox\cinder\cinder.dir\release\winfnt.obj
c:\dev\fractalrenderer\build\cinderbox\cinder\cinder.dir\release\type42.obj
c:\dev\fractalrenderer\build\cinderbox\cinder\cinder.dir\release\type1.obj
c:\dev\fractalrenderer\build\cinderbox\cinder\cinder.dir\release\truetype.obj
c:\dev\fractalrenderer\build\cinderbox\cinder\cinder.dir\release\sfnt.obj
c:\dev\fractalrenderer\build\cinderbox\cinder\cinder.dir\release\pfr.obj
c:\dev\fractalrenderer\build\cinderbox\cinder\cinder.dir\release\pcf.obj
c:\dev\fractalrenderer\build\cinderbox\cinder\cinder.dir\release\cff.obj
c:\dev\fractalrenderer\build\cinderbox\cinder\cinder.dir\release\bdf.obj
c:\dev\fractalrenderer\build\cinderbox\cinder\cinder.dir\release\tess.obj
c:\dev\fractalrenderer\build\cinderbox\cinder\cinder.dir\release\sweep.obj
c:\dev\fractalrenderer\build\cinderbox\cinder\cinder.dir\release\priorityq.obj
c:\dev\fractalrenderer\build\cinderbox\cinder\cinder.dir\release\mesh.obj
c:\dev\fractalrenderer\build\cinderbox\cinder\cinder.dir\release\geom.obj
c:\dev\fractalrenderer\build\cinderbox\cinder\cinder.dir\release\dict.obj
c:\dev\fractalrenderer\build\cinderbox\cinder\cinder.dir\release\bucketalloc.obj
c:\dev\fractalrenderer\build\cinderbox\cinder\cinder.dir\release\linebreakdef.obj
c:\dev\fractalrenderer\build\cinderbox\cinder\cinder.dir\release\linebreakdata.obj
c:\dev\fractalrenderer\build\cinderbox\cinder\cinder.dir\release\linebreak.obj
c:\dev\fractalrenderer\build\cinderbox\cinder\cinder.dir\release\glad.obj
c:\dev\fractalrenderer\build\cinderbox\cinder\cinder.dir\release\ftwinfnt.obj
c:\dev\fractalrenderer\build\cinderbox\cinder\cinder.dir\release\fttype1.obj
c:\dev\fractalrenderer\build\cinderbox\cinder\cinder.dir\release\ftsystem.obj
c:\dev\fractalrenderer\build\cinderbox\cinder\cinder.dir\release\ftsynth.obj
c:\dev\fractalrenderer\build\cinderbox\cinder\cinder.dir\release\ftstroke.obj
c:\dev\fractalrenderer\build\cinderbox\cinder\cinder.dir\release\ftpfr.obj
c:\dev\fractalrenderer\build\cinderbox\cinder\cinder.dir\release\ftpatent.obj
c:\dev\fractalrenderer\build\cinderbox\cinder\cinder.dir\release\ftotval.obj
c:\dev\fractalrenderer\build\cinderbox\cinder\cinder.dir\release\ftmm.obj
c:\dev\fractalrenderer\build\cinderbox\cinder\cinder.dir\release\ftinit.obj
c:\dev\fractalrenderer\build\cinderbox\cinder\cinder.dir\release\ftgxval.obj
c:\dev\fractalrenderer\build\cinderbox\cinder\cinder.dir\release\ftglyph.obj
c:\dev\fractalrenderer\build\cinderbox\cinder\cinder.dir\release\ftgasp.obj
c:\dev\fractalrenderer\build\cinderbox\cinder\cinder.dir\release\ftfstype.obj
c:\dev\fractalrenderer\build\cinderbox\cinder\cinder.dir\release\ftdebug.obj
c:\dev\fractalrenderer\build\cinderbox\cinder\cinder.dir\release\ftcid.obj
c:\dev\fractalrenderer\build\cinderbox\cinder\cinder.dir\release\ftbitmap.obj
c:\dev\fractalrenderer\build\cinderbox\cinder\cinder.dir\release\ftbdf.obj
c:\dev\fractalrenderer\build\cinderbox\cinder\cinder.dir\release\ftbbox.obj
c:\dev\fractalrenderer\build\cinderbox\cinder\cinder.dir\release\ftbase.obj
c:\dev\fractalrenderer\build\cinderbox\cinder\cinder.dir\release\gzlib.obj
c:\dev\fractalrenderer\build\cinderbox\cinder\cinder.dir\release\gzclose.obj
c:\dev\fractalrenderer\build\cinderbox\cinder\cinder.dir\release\deflate.obj
c:\dev\fractalrenderer\build\cinderbox\cinder\cinder.dir\release\crc32.obj
c:\dev\fractalrenderer\build\cinderbox\cinder\cinder.dir\release\compress.obj
c:\dev\fractalrenderer\build\cinderbox\cinder\cinder.dir\release\adler32.obj
c:\dev\fractalrenderer\build\cinderbox\cinder\cinder.dir\release\bdflib.obj
c:\dev\fractalrenderer\build\cinderbox\cinder\cinder.dir\release\type1cid.obj
c:\dev\fractalrenderer\build\cinderbox\cinder\cinder.dir\release\psnames.obj
c:\dev\fractalrenderer\build\cinderbox\cinder\cinder.dir\release\pshinter.obj
c:\dev\fractalrenderer\build\cinderbox\cinder\cinder.dir\release\psaux.obj
c:\dev\fractalrenderer\build\cinderbox\cinder\cinder.dir\release\otvalid.obj
c:\dev\fractalrenderer\build\cinderbox\cinder\cinder.dir\release\gxvalid.obj
c:\dev\fractalrenderer\build\cinderbox\cinder\cinder.dir\release\ftlzw.obj
c:\dev\fractalrenderer\build\cinderbox\cinder\cinder.dir\release\ftgzip.obj
c:\dev\fractalrenderer\build\cinderbox\cinder\cinder.dir\release\ftcache.obj
c:\dev\fractalrenderer\build\cinderbox\cinder\cinder.dir\release\ftbzip2.obj
c:\dev\fractalrenderer\build\cinderbox\cinder\cinder.dir\release\autofit.obj
c:\dev\fractalrenderer\build\cinderbox\cinder\cinder.dir\release\smooth.obj
c:\dev\fractalrenderer\build\cinderbox\cinder\cinder.dir\release\raster.obj
c:\dev\fractalrenderer\build\cinderbox\cinder\cinder.dir\release\lookup.obj
c:\dev\fractalrenderer\build\cinderbox\cinder\cinder.dir\release\info.obj
c:\dev\fractalrenderer\build\cinderbox\cinder\cinder.dir\release\floor1.obj
c:\dev\fractalrenderer\build\cinderbox\cinder\cinder.dir\release\floor0.obj
c:\dev\fractalrenderer\build\cinderbox\cinder\cinder.dir\release\envelope.obj
c:\dev\fractalrenderer\build\cinderbox\cinder\cinder.dir\release\codebook.obj
c:\dev\fractalrenderer\build\cinderbox\cinder\cinder.dir\release\block.obj
c:\dev\fractalrenderer\build\cinderbox\cinder\cinder.dir\release\bitrate.obj
c:\dev\fractalrenderer\build\cinderbox\cinder\cinder.dir\release\analysis.obj
c:\dev\fractalrenderer\build\cinderbox\cinder\cinder.dir\release\framing.obj
c:\dev\fractalrenderer\build\cinderbox\cinder\cinder.dir\release\bitwise.obj
c:\dev\fractalrenderer\build\cinderbox\cinder\cinder.dir\release\zutil.obj
c:\dev\fractalrenderer\build\cinderbox\cinder\cinder.dir\release\uncompr.obj
c:\dev\fractalrenderer\build\cinderbox\cinder\cinder.dir\release\trees.obj
c:\dev\fractalrenderer\build\cinderbox\cinder\cinder.dir\release\inftrees.obj
c:\dev\fractalrenderer\build\cinderbox\cinder\cinder.dir\release\inflate.obj
c:\dev\fractalrenderer\build\cinderbox\cinder\cinder.dir\release\inffast.obj
c:\dev\fractalrenderer\build\cinderbox\cinder\cinder.dir\release\infback.obj
c:\dev\fractalrenderer\build\cinderbox\cinder\cinder.dir\release\gzwrite.obj
c:\dev\fractalrenderer\build\cinderbox\cinder\cinder.dir\release\gzread.obj
c:\dev\fractalrenderer\build\cinderbox\cinder\cinder.dir\release\glad_wgl.obj
c:\dev\fractalrenderer\build\cinderbox\cinder\cinder.dir\release\vorbisfile.obj
c:\dev\fractalrenderer\build\cinderbox\cinder\cinder.dir\release\vorbisenc.obj
c:\dev\fractalrenderer\build\cinderbox\cinder\cinder.dir\release\synthesis.obj
c:\dev\fractalrenderer\build\cinderbox\cinder\cinder.dir\release\smallft.obj
c:\dev\fractalrenderer\build\cinderbox\cinder\cinder.dir\release\sharedbook.obj
c:\dev\fractalrenderer\build\cinderbox\cinder\cinder.dir\release\res0.obj
c:\dev\fractalrenderer\build\cinderbox\cinder\cinder.dir\release\registry.obj
c:\dev\fractalrenderer\build\cinderbox\cinder\cinder.dir\release\psy.obj
c:\dev\fractalrenderer\build\cinderbox\cinder\cinder.dir\release\mdct.obj
c:\dev\fractalrenderer\build\cinderbox\cinder\cinder.dir\release\mapping0.obj
c:\dev\fractalrenderer\build\cinderbox\cinder\cinder.dir\release\lsp.obj
c:\dev\fractalrenderer\build\cinderbox\cinder\cinder.dir\release\lpc.obj
c:\dev\fractalrenderer\build\cinderbox\cinder\cinder.dir\release\src\oggvorbis\vorbis\window.c.obj
c:\dev\fractalrenderer\build\cinderbox\cinder\cmakefiles\generate.stamp
c:\dev\fractalrenderer\cinderbox\cinder\lib\msw\x64\release\v143\cinder.lib
c:\dev\fractalrenderer\build\cinderbox\cinder\cinder.dir\release\cinder.tlog\cl.command.1.tlog
c:\dev\fractalrenderer\build\cinderbox\cinder\cinder.dir\release\cinder.tlog\cl.read.1.tlog
c:\dev\fractalrenderer\build\cinderbox\cinder\cinder.dir\release\cinder.tlog\cl.write.1.tlog
c:\dev\fractalrenderer\build\cinderbox\cinder\cinder.dir\release\cinder.tlog\custombuild.command.1.tlog
c:\dev\fractalrenderer\build\cinderbox\cinder\cinder.dir\release\cinder.tlog\custombuild.read.1.tlog
c:\dev\fractalrenderer\build\cinderbox\cinder\cinder.dir\release\cinder.tlog\custombuild.write.1.tlog
c:\dev\fractalrenderer\build\cinderbox\cinder\cinder.dir\release\cinder.tlog\lib-link.read.1.tlog
c:\dev\fractalrenderer\build\cinderbox\cinder\cinder.dir\release\cinder.tlog\lib-link.write.1.tlog
c:\dev\fractalrenderer\build\cinderbox\cinder\cinder.dir\release\cinder.tlog\lib.command.1.tlog
