c:\dev\fractalrenderer\build\cinderbox\librapid\librapid.dir\release\hypot.obj
c:\dev\fractalrenderer\build\cinderbox\librapid\librapid.dir\release\casting.obj
c:\dev\fractalrenderer\build\cinderbox\librapid\librapid.dir\release\modabs.obj
c:\dev\fractalrenderer\build\cinderbox\librapid\librapid.dir\release\floorceil.obj
c:\dev\fractalrenderer\build\cinderbox\librapid\librapid.dir\release\explogpow.obj
c:\dev\fractalrenderer\build\cinderbox\librapid\librapid.dir\release\trig.obj
c:\dev\fractalrenderer\build\cinderbox\librapid\librapid.dir\release\tostring.obj
c:\dev\fractalrenderer\build\cinderbox\librapid\librapid.dir\release\fastmath.obj
c:\dev\fractalrenderer\build\cinderbox\librapid\librapid.dir\release\gemm.obj
c:\dev\fractalrenderer\build\cinderbox\librapid\librapid.dir\release\gemv.obj
c:\dev\fractalrenderer\build\cinderbox\librapid\librapid.dir\release\dot.obj
c:\dev\fractalrenderer\build\cinderbox\librapid\librapid.dir\release\kernelhelper.obj
c:\dev\fractalrenderer\build\cinderbox\librapid\librapid.dir\release\cudacodeloader.obj
c:\dev\fractalrenderer\build\cinderbox\librapid\cmakefiles\generate.stamp
c:\dev\fractalrenderer\build\cinderbox\librapid\release\librapid.lib
c:\dev\fractalrenderer\build\cinderbox\librapid\librapid.dir\release\librapid.tlog\cl.command.1.tlog
c:\dev\fractalrenderer\build\cinderbox\librapid\librapid.dir\release\librapid.tlog\cl.read.1.tlog
c:\dev\fractalrenderer\build\cinderbox\librapid\librapid.dir\release\librapid.tlog\cl.write.1.tlog
c:\dev\fractalrenderer\build\cinderbox\librapid\librapid.dir\release\librapid.tlog\custombuild.command.1.tlog
c:\dev\fractalrenderer\build\cinderbox\librapid\librapid.dir\release\librapid.tlog\custombuild.read.1.tlog
c:\dev\fractalrenderer\build\cinderbox\librapid\librapid.dir\release\librapid.tlog\custombuild.write.1.tlog
c:\dev\fractalrenderer\build\cinderbox\librapid\librapid.dir\release\librapid.tlog\lib-link.read.1.tlog
c:\dev\fractalrenderer\build\cinderbox\librapid\librapid.dir\release\librapid.tlog\lib-link.write.1.tlog
c:\dev\fractalrenderer\build\cinderbox\librapid\librapid.dir\release\librapid.tlog\lib.command.1.tlog
